2020-02-16 06:43:26,467 INFO  [org.jboss.modules] (main) JBoss Modules version 1.9.1.Final
2020-02-16 06:43:27,082 INFO  [org.jboss.msc] (main) JBoss MSC version 1.4.11.Final
2020-02-16 06:43:27,097 INFO  [org.jboss.threads] (main) JBoss Threads version 2.3.3.Final
2020-02-16 06:43:27,295 INFO  [org.jboss.as] (MSC service thread 1-2) WFLYSRV0049: Keycloak 8.0.2 (WildFly Core 10.0.3.Final) starting
2020-02-16 06:43:27,297 DEBUG [org.jboss.as.config] (MSC service thread 1-2) Configured system properties:
	[Standalone] = 
	awt.toolkit = sun.awt.X11.XToolkit
	file.encoding = UTF-8
	file.encoding.pkg = sun.io
	file.separator = /
	java.awt.graphicsenv = sun.awt.X11GraphicsEnvironment
	java.awt.headless = true
	java.awt.printerjob = sun.print.PSPrinterJob
	java.class.path = /home/jguarecuco/keycloak/keycloak-8.0.2/jboss-modules.jar
	java.class.version = 52.0
	java.endorsed.dirs = /usr/lib/jvm/java-8-openjdk-amd64/jre/lib/endorsed
	java.ext.dirs = /usr/lib/jvm/java-8-openjdk-amd64/jre/lib/ext:/usr/java/packages/lib/ext
	java.home = /usr/lib/jvm/java-8-openjdk-amd64/jre
	java.io.tmpdir = /tmp
	java.library.path = /usr/java/packages/lib/amd64:/usr/lib/x86_64-linux-gnu/jni:/lib/x86_64-linux-gnu:/usr/lib/x86_64-linux-gnu:/usr/lib/jni:/lib:/usr/lib
	java.net.preferIPv4Stack = true
	java.runtime.name = OpenJDK Runtime Environment
	java.runtime.version = 1.8.0_242-8u242-b08-0ubuntu3~18.04-b08
	java.specification.name = Java Platform API Specification
	java.specification.vendor = Oracle Corporation
	java.specification.version = 1.8
	java.util.logging.manager = org.jboss.logmanager.LogManager
	java.vendor = Private Build
	java.vendor.url = http://java.oracle.com/
	java.vendor.url.bug = http://bugreport.sun.com/bugreport/
	java.version = 1.8.0_242
	java.vm.info = mixed mode
	java.vm.name = OpenJDK 64-Bit Server VM
	java.vm.specification.name = Java Virtual Machine Specification
	java.vm.specification.vendor = Oracle Corporation
	java.vm.specification.version = 1.8
	java.vm.vendor = Private Build
	java.vm.version = 25.242-b08
	javax.management.builder.initial = org.jboss.as.jmx.PluggableMBeanServerBuilder
	jboss.home.dir = /home/jguarecuco/keycloak/keycloak-8.0.2
	jboss.host.name = jguarecuco-vit-p3400
	jboss.modules.dir = /home/jguarecuco/keycloak/keycloak-8.0.2/modules
	jboss.modules.system.pkgs = org.jboss.byteman
	jboss.node.name = jguarecuco-vit-p3400
	jboss.qualified.host.name = jguarecuco-vit-p3400
	jboss.server.base.dir = /home/jguarecuco/keycloak/keycloak-8.0.2/standalone
	jboss.server.config.dir = /home/jguarecuco/keycloak/keycloak-8.0.2/standalone/configuration
	jboss.server.data.dir = /home/jguarecuco/keycloak/keycloak-8.0.2/standalone/data
	jboss.server.deploy.dir = /home/jguarecuco/keycloak/keycloak-8.0.2/standalone/data/content
	jboss.server.log.dir = /home/jguarecuco/keycloak/keycloak-8.0.2/standalone/log
	jboss.server.name = jguarecuco-vit-p3400
	jboss.server.persist.config = true
	jboss.server.temp.dir = /home/jguarecuco/keycloak/keycloak-8.0.2/standalone/tmp
	line.separator = 

	logging.configuration = file:/home/jguarecuco/keycloak/keycloak-8.0.2/standalone/configuration/logging.properties
	module.path = /home/jguarecuco/keycloak/keycloak-8.0.2/modules
	org.jboss.boot.log.file = /home/jguarecuco/keycloak/keycloak-8.0.2/standalone/log/server.log
	org.jboss.resolver.warning = true
	os.arch = amd64
	os.name = Linux
	os.version = 5.3.0-28-generic
	path.separator = :
	sun.arch.data.model = 64
	sun.boot.class.path = /usr/lib/jvm/java-8-openjdk-amd64/jre/lib/resources.jar:/usr/lib/jvm/java-8-openjdk-amd64/jre/lib/rt.jar:/usr/lib/jvm/java-8-openjdk-amd64/jre/lib/sunrsasign.jar:/usr/lib/jvm/java-8-openjdk-amd64/jre/lib/jsse.jar:/usr/lib/jvm/java-8-openjdk-amd64/jre/lib/jce.jar:/usr/lib/jvm/java-8-openjdk-amd64/jre/lib/charsets.jar:/usr/lib/jvm/java-8-openjdk-amd64/jre/lib/jfr.jar:/usr/lib/jvm/java-8-openjdk-amd64/jre/classes
	sun.boot.library.path = /usr/lib/jvm/java-8-openjdk-amd64/jre/lib/amd64
	sun.cpu.endian = little
	sun.cpu.isalist = 
	sun.desktop = gnome
	sun.io.unicode.encoding = UnicodeLittle
	sun.java.command = /home/jguarecuco/keycloak/keycloak-8.0.2/jboss-modules.jar -mp /home/jguarecuco/keycloak/keycloak-8.0.2/modules org.jboss.as.standalone -Djboss.home.dir=/home/jguarecuco/keycloak/keycloak-8.0.2 -Djboss.server.base.dir=/home/jguarecuco/keycloak/keycloak-8.0.2/standalone
	sun.java.launcher = SUN_STANDARD
	sun.jnu.encoding = UTF-8
	sun.management.compiler = HotSpot 64-Bit Tiered Compilers
	sun.os.patch.level = unknown
	user.country = VE
	user.dir = /home/jguarecuco/keycloak/keycloak-8.0.2/bin
	user.home = /home/jguarecuco
	user.language = es
	user.name = jguarecuco
	user.timezone = America/Bogota
2020-02-16 06:43:27,297 DEBUG [org.jboss.as.config] (MSC service thread 1-2) VM Arguments: -D[Standalone] -Xms64m -Xmx512m -XX:MetaspaceSize=96M -XX:MaxMetaspaceSize=256m -Djava.net.preferIPv4Stack=true -Djboss.modules.system.pkgs=org.jboss.byteman -Djava.awt.headless=true -Dorg.jboss.boot.log.file=/home/jguarecuco/keycloak/keycloak-8.0.2/standalone/log/server.log -Dlogging.configuration=file:/home/jguarecuco/keycloak/keycloak-8.0.2/standalone/configuration/logging.properties 
2020-02-16 06:43:28,318 INFO  [org.wildfly.security] (ServerService Thread Pool -- 17) ELY00001: WildFly Elytron version 1.10.4.Final
2020-02-16 06:43:29,260 INFO  [org.jboss.as.controller.management-deprecated] (Controller Boot Thread) WFLYCTL0028: Attribute 'security-realm' in the resource at address '/core-service=management/management-interface=http-interface' is deprecated, and may be removed in a future version. See the attribute description in the output of the read-resource-description operation to learn more about the deprecation.
2020-02-16 06:43:29,317 INFO  [org.jboss.as.controller.management-deprecated] (ServerService Thread Pool -- 27) WFLYCTL0028: Attribute 'security-realm' in the resource at address '/subsystem=undertow/server=default-server/https-listener=https' is deprecated, and may be removed in a future version. See the attribute description in the output of the read-resource-description operation to learn more about the deprecation.
2020-02-16 06:43:29,488 INFO  [org.jboss.as.server] (Controller Boot Thread) WFLYSRV0039: Creating http management service using socket-binding (management-http)
2020-02-16 06:43:29,526 INFO  [org.xnio] (MSC service thread 1-8) XNIO version 3.7.3.Final
2020-02-16 06:43:29,534 INFO  [org.xnio.nio] (MSC service thread 1-8) XNIO NIO Implementation Version 3.7.3.Final
2020-02-16 06:43:29,623 INFO  [org.wildfly.extension.io] (ServerService Thread Pool -- 36) WFLYIO001: Worker 'default' has auto-configured to 8 core threads with 64 task threads based on your 4 available processors
2020-02-16 06:43:29,629 INFO  [org.jboss.as.clustering.infinispan] (ServerService Thread Pool -- 37) WFLYCLINF0001: Activating Infinispan subsystem.
2020-02-16 06:43:29,675 INFO  [org.jboss.as.jaxrs] (ServerService Thread Pool -- 38) WFLYRS0016: RESTEasy version 3.9.1.Final
2020-02-16 06:43:29,699 INFO  [org.jboss.as.connector] (MSC service thread 1-2) WFLYJCA0009: Starting JCA Subsystem (WildFly/IronJacamar 1.4.17.Final)
2020-02-16 06:43:29,705 INFO  [org.jboss.as.naming] (ServerService Thread Pool -- 43) WFLYNAM0001: Activating Naming Subsystem
2020-02-16 06:43:29,798 WARN  [org.jboss.as.txn] (ServerService Thread Pool -- 49) WFLYTX0013: The node-identifier attribute on the /subsystem=transactions is set to the default value. This is a danger for environments running multiple servers. Please make sure the attribute value is unique.
2020-02-16 06:43:29,818 INFO  [org.wildfly.extension.microprofile.config.smallrye._private] (ServerService Thread Pool -- 51) WFLYCONF0001: Activating WildFly MicroProfile Config Subsystem
2020-02-16 06:43:29,865 INFO  [org.wildfly.extension.microprofile.metrics.smallrye] (ServerService Thread Pool -- 53) WFLYMETRICS0001: Activating Eclipse MicroProfile Metrics Subsystem
2020-02-16 06:43:29,876 INFO  [org.wildfly.extension.undertow] (MSC service thread 1-7) WFLYUT0003: Undertow 2.0.27.Final starting
2020-02-16 06:43:29,876 INFO  [org.wildfly.extension.microprofile.health.smallrye] (ServerService Thread Pool -- 52) WFLYHEALTH0001: Activating Eclipse MicroProfile Health Subsystem
2020-02-16 06:43:29,880 INFO  [org.jboss.as.security] (ServerService Thread Pool -- 48) WFLYSEC0002: Activating Security Subsystem
2020-02-16 06:43:29,900 INFO  [org.jboss.remoting] (MSC service thread 1-8) JBoss Remoting version 5.0.15.Final
2020-02-16 06:43:29,901 INFO  [org.jboss.as.connector.subsystems.datasources] (ServerService Thread Pool -- 32) WFLYJCA0004: Deploying JDBC-compliant driver class org.h2.Driver (version 1.4)
2020-02-16 06:43:29,911 INFO  [org.jboss.as.connector.deployers.jdbc] (MSC service thread 1-2) WFLYJCA0018: Started Driver service with driver-name = h2
2020-02-16 06:43:29,933 INFO  [org.jboss.as.security] (MSC service thread 1-2) WFLYSEC0001: Current PicketBox version=5.0.3.Final
2020-02-16 06:43:29,969 INFO  [org.jboss.as.naming] (MSC service thread 1-5) WFLYNAM0003: Starting Naming Service
2020-02-16 06:43:30,001 WARN  [org.wildfly.clustering.web.undertow] (ServerService Thread Pool -- 54) WFLYCLWEBUT0007: No routing provider found for default-server; using legacy provider based on static configuration
2020-02-16 06:43:30,023 INFO  [org.jboss.as.mail.extension] (MSC service thread 1-6) WFLYMAIL0001: Bound mail session [java:jboss/mail/Default]
2020-02-16 06:43:30,322 INFO  [org.wildfly.extension.undertow] (ServerService Thread Pool -- 54) WFLYUT0014: Creating file handler for path '/home/jguarecuco/keycloak/keycloak-8.0.2/welcome-content' with options [directory-listing: 'false', follow-symlink: 'false', case-sensitive: 'true', safe-symlink-paths: '[]']
2020-02-16 06:43:30,335 INFO  [org.jboss.as.ejb3] (MSC service thread 1-7) WFLYEJB0482: Strict pool mdb-strict-max-pool is using a max instance size of 16 (per class), which is derived from the number of CPUs on this host.
2020-02-16 06:43:30,340 INFO  [org.jboss.as.ejb3] (MSC service thread 1-5) WFLYEJB0481: Strict pool slsb-strict-max-pool is using a max instance size of 64 (per class), which is derived from thread worker pool sizing.
2020-02-16 06:43:30,448 INFO  [org.wildfly.extension.undertow] (MSC service thread 1-4) WFLYUT0012: Started server default-server.
2020-02-16 06:43:30,480 INFO  [org.wildfly.extension.undertow] (MSC service thread 1-8) WFLYUT0018: Host default-host starting
2020-02-16 06:43:30,589 INFO  [org.wildfly.extension.undertow] (MSC service thread 1-3) WFLYUT0006: Undertow HTTP listener default listening on 127.0.0.1:8080
2020-02-16 06:43:30,753 INFO  [org.jboss.as.ejb3] (MSC service thread 1-1) WFLYEJB0493: EJB subsystem suspension complete
2020-02-16 06:43:30,844 INFO  [org.jboss.as.patching] (MSC service thread 1-5) WFLYPAT0050: Keycloak cumulative patch ID is: base, one-off patches include: none
2020-02-16 06:43:30,859 WARN  [org.jboss.as.domain.management.security] (MSC service thread 1-4) WFLYDM0111: Keystore /home/jguarecuco/keycloak/keycloak-8.0.2/standalone/configuration/application.keystore not found, it will be auto generated on first use with a self signed certificate for host localhost
2020-02-16 06:43:30,883 INFO  [org.jboss.as.server.deployment.scanner] (MSC service thread 1-1) WFLYDS0013: Started FileSystemDeploymentService for directory /home/jguarecuco/keycloak/keycloak-8.0.2/standalone/deployments
2020-02-16 06:43:30,889 INFO  [org.jboss.as.server.deployment] (MSC service thread 1-4) WFLYSRV0027: Starting deployment of "keycloak-server.war" (runtime-name: "keycloak-server.war")
2020-02-16 06:43:30,925 INFO  [org.jboss.as.connector.subsystems.datasources] (MSC service thread 1-1) WFLYJCA0001: Bound data source [java:jboss/datasources/ExampleDS]
2020-02-16 06:43:30,926 INFO  [org.jboss.as.connector.subsystems.datasources] (MSC service thread 1-3) WFLYJCA0001: Bound data source [java:jboss/datasources/KeycloakDS]
2020-02-16 06:43:31,053 INFO  [org.wildfly.extension.undertow] (MSC service thread 1-1) WFLYUT0006: Undertow HTTPS listener https listening on 127.0.0.1:8443
2020-02-16 06:43:31,531 WARN  [org.jboss.as.dependency.private] (MSC service thread 1-4) WFLYSRV0018: Deployment "deployment.keycloak-server.war" is using a private module ("org.kie") which may be changed or removed in future versions without notice.
2020-02-16 06:43:31,976 INFO  [org.infinispan.factories.GlobalComponentRegistry] (MSC service thread 1-3) ISPN000128: Infinispan version: Infinispan 'Infinity Minus ONE +2' 9.4.16.Final
2020-02-16 06:43:32,403 INFO  [org.jboss.as.clustering.infinispan] (ServerService Thread Pool -- 63) WFLYCLINF0002: Started authenticationSessions cache from keycloak container
2020-02-16 06:43:32,421 INFO  [org.jboss.as.clustering.infinispan] (ServerService Thread Pool -- 61) WFLYCLINF0002: Started work cache from keycloak container
2020-02-16 06:43:32,422 INFO  [org.jboss.as.clustering.infinispan] (ServerService Thread Pool -- 57) WFLYCLINF0002: Started clientSessions cache from keycloak container
2020-02-16 06:43:32,422 INFO  [org.jboss.as.clustering.infinispan] (ServerService Thread Pool -- 59) WFLYCLINF0002: Started offlineSessions cache from keycloak container
2020-02-16 06:43:32,423 INFO  [org.jboss.as.clustering.infinispan] (ServerService Thread Pool -- 65) WFLYCLINF0002: Started users cache from keycloak container
2020-02-16 06:43:32,423 INFO  [org.jboss.as.clustering.infinispan] (ServerService Thread Pool -- 62) WFLYCLINF0002: Started offlineClientSessions cache from keycloak container
2020-02-16 06:43:32,424 INFO  [org.jboss.as.clustering.infinispan] (ServerService Thread Pool -- 56) WFLYCLINF0002: Started actionTokens cache from keycloak container
2020-02-16 06:43:32,424 INFO  [org.jboss.as.clustering.infinispan] (ServerService Thread Pool -- 64) WFLYCLINF0002: Started realms cache from keycloak container
2020-02-16 06:43:32,425 INFO  [org.jboss.as.clustering.infinispan] (ServerService Thread Pool -- 66) WFLYCLINF0002: Started authorization cache from keycloak container
2020-02-16 06:43:32,425 INFO  [org.jboss.as.clustering.infinispan] (ServerService Thread Pool -- 58) WFLYCLINF0002: Started keys cache from keycloak container
2020-02-16 06:43:32,425 INFO  [org.jboss.as.clustering.infinispan] (ServerService Thread Pool -- 60) WFLYCLINF0002: Started loginFailures cache from keycloak container
2020-02-16 06:43:32,425 INFO  [org.jboss.as.clustering.infinispan] (ServerService Thread Pool -- 67) WFLYCLINF0002: Started sessions cache from keycloak container
2020-02-16 06:43:32,538 INFO  [org.jboss.as.clustering.infinispan] (ServerService Thread Pool -- 68) WFLYCLINF0002: Started client-mappings cache from ejb container
2020-02-16 06:43:32,656 WARN  [org.jboss.as.server.deployment] (MSC service thread 1-3) WFLYSRV0273: Excluded subsystem webservices via jboss-deployment-structure.xml does not exist.
2020-02-16 06:43:33,443 INFO  [org.keycloak.services] (ServerService Thread Pool -- 67) KC-SERVICES0001: Loading config from standalone.xml or domain.xml
2020-02-16 06:43:33,543 INFO  [org.keycloak.url.DefaultHostnameProviderFactory] (ServerService Thread Pool -- 67) Frontend: <request>, Admin: <frontend>, Backend: <request>
2020-02-16 06:43:34,003 INFO  [org.jboss.as.clustering.infinispan] (ServerService Thread Pool -- 67) WFLYCLINF0002: Started realmRevisions cache from keycloak container
2020-02-16 06:43:34,010 INFO  [org.jboss.as.clustering.infinispan] (ServerService Thread Pool -- 67) WFLYCLINF0002: Started userRevisions cache from keycloak container
2020-02-16 06:43:34,027 INFO  [org.jboss.as.clustering.infinispan] (ServerService Thread Pool -- 67) WFLYCLINF0002: Started authorizationRevisions cache from keycloak container
2020-02-16 06:43:34,029 INFO  [org.keycloak.connections.infinispan.DefaultInfinispanConnectionProviderFactory] (ServerService Thread Pool -- 67) Node name: jguarecuco-vit-p3400, Site name: null
2020-02-16 06:43:38,979 INFO  [org.keycloak.connections.jpa.updater.liquibase.LiquibaseJpaUpdaterProvider] (ServerService Thread Pool -- 67) Initializing database schema. Using changelog META-INF/jpa-changelog-master.xml
2020-02-16 06:43:41,197 INFO  [org.hibernate.jpa.internal.util.LogHelper] (ServerService Thread Pool -- 67) HHH000204: Processing PersistenceUnitInfo [
	name: keycloak-default
	...]
2020-02-16 06:43:41,281 INFO  [org.hibernate.Version] (ServerService Thread Pool -- 67) HHH000412: Hibernate Core {5.3.13.Final}
2020-02-16 06:43:41,283 INFO  [org.hibernate.cfg.Environment] (ServerService Thread Pool -- 67) HHH000206: hibernate.properties not found
2020-02-16 06:43:41,485 INFO  [org.hibernate.annotations.common.Version] (ServerService Thread Pool -- 67) HCANN000001: Hibernate Commons Annotations {5.0.5.Final}
2020-02-16 06:43:41,679 INFO  [org.hibernate.dialect.Dialect] (ServerService Thread Pool -- 67) HHH000400: Using dialect: org.hibernate.dialect.H2Dialect
2020-02-16 06:43:41,687 WARN  [org.hibernate.dialect.H2Dialect] (ServerService Thread Pool -- 67) HHH000431: Unable to determine H2 database version, certain features may not work
2020-02-16 06:43:41,726 INFO  [org.hibernate.envers.boot.internal.EnversServiceImpl] (ServerService Thread Pool -- 67) Envers integration enabled? : true
2020-02-16 06:43:42,311 INFO  [org.hibernate.orm.beans] (ServerService Thread Pool -- 67) HHH10005002: No explicit CDI BeanManager reference was passed to Hibernate, but CDI is available on the Hibernate ClassLoader.
2020-02-16 06:43:42,382 INFO  [org.hibernate.validator.internal.util.Version] (ServerService Thread Pool -- 67) HV000001: Hibernate Validator 6.0.18.Final
2020-02-16 06:43:43,980 INFO  [org.hibernate.hql.internal.QueryTranslatorFactoryInitiator] (ServerService Thread Pool -- 67) HHH000397: Using ASTQueryTranslatorFactory
2020-02-16 06:43:44,591 INFO  [org.keycloak.services] (ServerService Thread Pool -- 67) KC-SERVICES0050: Initializing master realm
2020-02-16 06:43:46,733 INFO  [org.jboss.resteasy.resteasy_jaxrs.i18n] (ServerService Thread Pool -- 67) RESTEASY002225: Deploying javax.ws.rs.core.Application: class org.keycloak.services.resources.KeycloakApplication
2020-02-16 06:43:46,734 INFO  [org.jboss.resteasy.resteasy_jaxrs.i18n] (ServerService Thread Pool -- 67) RESTEASY002205: Adding provider class org.keycloak.services.filters.KeycloakTransactionCommitter from Application class org.keycloak.services.resources.KeycloakApplication
2020-02-16 06:43:46,734 INFO  [org.jboss.resteasy.resteasy_jaxrs.i18n] (ServerService Thread Pool -- 67) RESTEASY002205: Adding provider class org.keycloak.services.error.KeycloakErrorHandler from Application class org.keycloak.services.resources.KeycloakApplication
2020-02-16 06:43:46,736 INFO  [org.jboss.resteasy.resteasy_jaxrs.i18n] (ServerService Thread Pool -- 67) RESTEASY002200: Adding class resource org.keycloak.services.resources.JsResource from Application class org.keycloak.services.resources.KeycloakApplication
2020-02-16 06:43:46,736 INFO  [org.jboss.resteasy.resteasy_jaxrs.i18n] (ServerService Thread Pool -- 67) RESTEASY002200: Adding class resource org.keycloak.services.resources.ThemeResource from Application class org.keycloak.services.resources.KeycloakApplication
2020-02-16 06:43:46,736 INFO  [org.jboss.resteasy.resteasy_jaxrs.i18n] (ServerService Thread Pool -- 67) RESTEASY002210: Adding provider singleton org.keycloak.services.util.ObjectMapperResolver from Application class org.keycloak.services.resources.KeycloakApplication
2020-02-16 06:43:46,737 INFO  [org.jboss.resteasy.resteasy_jaxrs.i18n] (ServerService Thread Pool -- 67) RESTEASY002220: Adding singleton resource org.keycloak.services.resources.admin.AdminRoot from Application class org.keycloak.services.resources.KeycloakApplication
2020-02-16 06:43:46,737 INFO  [org.jboss.resteasy.resteasy_jaxrs.i18n] (ServerService Thread Pool -- 67) RESTEASY002220: Adding singleton resource org.keycloak.services.resources.RealmsResource from Application class org.keycloak.services.resources.KeycloakApplication
2020-02-16 06:43:46,737 INFO  [org.jboss.resteasy.resteasy_jaxrs.i18n] (ServerService Thread Pool -- 67) RESTEASY002220: Adding singleton resource org.keycloak.services.resources.WelcomeResource from Application class org.keycloak.services.resources.KeycloakApplication
2020-02-16 06:43:46,737 INFO  [org.jboss.resteasy.resteasy_jaxrs.i18n] (ServerService Thread Pool -- 67) RESTEASY002220: Adding singleton resource org.keycloak.services.resources.RobotsResource from Application class org.keycloak.services.resources.KeycloakApplication
2020-02-16 06:43:46,885 INFO  [org.wildfly.extension.undertow] (ServerService Thread Pool -- 67) WFLYUT0021: Registered web context: '/auth' for server 'default-server'
2020-02-16 06:43:47,008 INFO  [org.jboss.as.server] (ServerService Thread Pool -- 55) WFLYSRV0010: Deployed "keycloak-server.war" (runtime-name : "keycloak-server.war")
2020-02-16 06:43:47,132 INFO  [org.jboss.as.server] (Controller Boot Thread) WFLYSRV0212: Resuming server
2020-02-16 06:43:47,135 INFO  [org.jboss.as] (Controller Boot Thread) WFLYSRV0060: Http management interface listening on http://127.0.0.1:9990/management
2020-02-16 06:43:47,135 INFO  [org.jboss.as] (Controller Boot Thread) WFLYSRV0051: Admin console listening on http://127.0.0.1:9990
2020-02-16 06:43:47,136 INFO  [org.jboss.as] (Controller Boot Thread) WFLYSRV0025: Keycloak 8.0.2 (WildFly Core 10.0.3.Final) started in 21299ms - Started 590 of 885 services (601 services are lazy, passive or on-demand)
2020-02-16 06:45:54,688 INFO  [org.keycloak.services] (default task-6) KC-SERVICES0077: Created initial admin user with username jguarecuco
2020-02-16 07:28:06,700 INFO  [org.jboss.as.server] (Thread-2) WFLYSRV0272: Suspending server
2020-02-16 07:28:06,858 INFO  [org.jboss.as.ejb3] (Thread-2) WFLYEJB0493: EJB subsystem suspension complete
2020-02-16 07:28:06,910 INFO  [org.jboss.as.server] (Thread-2) WFLYSRV0220: Server shutdown has been requested via an OS signal
2020-02-16 07:28:06,951 INFO  [org.jboss.as.connector.subsystems.datasources] (MSC service thread 1-6) WFLYJCA0010: Unbound data source [java:jboss/datasources/KeycloakDS]
2020-02-16 07:28:06,982 INFO  [org.wildfly.extension.undertow] (MSC service thread 1-2) WFLYUT0008: Undertow HTTPS listener https suspending
2020-02-16 07:28:06,989 INFO  [org.jboss.as.mail.extension] (MSC service thread 1-5) WFLYMAIL0002: Unbound mail session [java:jboss/mail/Default]
2020-02-16 07:28:07,083 INFO  [org.wildfly.extension.undertow] (MSC service thread 1-2) WFLYUT0007: Undertow HTTPS listener https stopped, was bound to 127.0.0.1:8443
2020-02-16 07:28:07,130 INFO  [org.wildfly.extension.undertow] (ServerService Thread Pool -- 67) WFLYUT0022: Unregistered web context: '/auth' from server 'default-server'
2020-02-16 07:28:07,603 INFO  [org.jboss.as.connector.subsystems.datasources] (MSC service thread 1-8) WFLYJCA0010: Unbound data source [java:jboss/datasources/ExampleDS]
2020-02-16 07:28:07,606 INFO  [org.jboss.as.connector.deployers.jdbc] (MSC service thread 1-4) WFLYJCA0019: Stopped Driver service with driver-name = h2
2020-02-16 07:28:07,658 INFO  [org.wildfly.extension.undertow] (MSC service thread 1-3) WFLYUT0019: Host default-host stopping
2020-02-16 07:28:07,710 INFO  [org.wildfly.extension.undertow] (MSC service thread 1-1) WFLYUT0008: Undertow HTTP listener default suspending
2020-02-16 07:28:07,710 INFO  [org.wildfly.extension.undertow] (MSC service thread 1-1) WFLYUT0007: Undertow HTTP listener default stopped, was bound to 127.0.0.1:8080
2020-02-16 07:28:07,714 INFO  [org.jboss.as.clustering.infinispan] (ServerService Thread Pool -- 73) WFLYCLINF0003: Stopped client-mappings cache from ejb container
2020-02-16 07:28:07,719 INFO  [org.jboss.as.clustering.infinispan] (ServerService Thread Pool -- 67) WFLYCLINF0003: Stopped offlineSessions cache from keycloak container
2020-02-16 07:28:07,719 INFO  [org.jboss.as.clustering.infinispan] (ServerService Thread Pool -- 72) WFLYCLINF0003: Stopped authorization cache from keycloak container
2020-02-16 07:28:07,721 INFO  [org.jboss.as.clustering.infinispan] (ServerService Thread Pool -- 73) WFLYCLINF0003: Stopped actionTokens cache from keycloak container
2020-02-16 07:28:07,730 INFO  [org.wildfly.extension.undertow] (MSC service thread 1-4) WFLYUT0004: Undertow 2.0.27.Final stopping
2020-02-16 07:28:07,735 INFO  [org.jboss.as.clustering.infinispan] (ServerService Thread Pool -- 73) WFLYCLINF0003: Stopped authenticationSessions cache from keycloak container
2020-02-16 07:28:07,735 INFO  [org.jboss.as.clustering.infinispan] (ServerService Thread Pool -- 77) WFLYCLINF0003: Stopped keys cache from keycloak container
2020-02-16 07:28:07,744 INFO  [org.jboss.as.clustering.infinispan] (ServerService Thread Pool -- 79) WFLYCLINF0003: Stopped users cache from keycloak container
2020-02-16 07:28:07,735 INFO  [org.jboss.as.clustering.infinispan] (ServerService Thread Pool -- 72) WFLYCLINF0003: Stopped offlineClientSessions cache from keycloak container
2020-02-16 07:28:07,743 INFO  [org.jboss.as.clustering.infinispan] (ServerService Thread Pool -- 75) WFLYCLINF0003: Stopped loginFailures cache from keycloak container
2020-02-16 07:28:07,742 INFO  [org.jboss.as.clustering.infinispan] (ServerService Thread Pool -- 78) WFLYCLINF0003: Stopped clientSessions cache from keycloak container
2020-02-16 07:28:07,740 INFO  [org.jboss.as.clustering.infinispan] (ServerService Thread Pool -- 71) WFLYCLINF0003: Stopped realms cache from keycloak container
2020-02-16 07:28:07,735 INFO  [org.jboss.as.clustering.infinispan] (ServerService Thread Pool -- 76) WFLYCLINF0003: Stopped work cache from keycloak container
2020-02-16 07:28:07,744 INFO  [org.jboss.as.clustering.infinispan] (ServerService Thread Pool -- 74) WFLYCLINF0003: Stopped sessions cache from keycloak container
2020-02-16 07:28:07,763 INFO  [org.jboss.as.server.deployment] (MSC service thread 1-5) WFLYSRV0028: Stopped deployment keycloak-server.war (runtime-name: keycloak-server.war) in 828ms
2020-02-16 07:28:08,010 INFO  [org.jboss.as] (MSC service thread 1-7) WFLYSRV0050: Keycloak 8.0.2 (WildFly Core 10.0.3.Final) stopped in 1074ms
